{"D:\\My Stuff\\My Files\\Project React 2\\src\\components\\Body.js": {"path":"D:\\My Stuff\\My Files\\Project React 2\\src\\components\\Body.js","statementMap":{"0":{"start":{"line":8,"column":13},"end":{"line":106,"column":1}},"1":{"start":{"line":9,"column":44},"end":{"line":9,"column":56}},"2":{"start":{"line":10,"column":60},"end":{"line":10,"column":72}},"3":{"start":{"line":11,"column":38},"end":{"line":11,"column":50}},"4":{"start":{"line":14,"column":34},"end":{"line":14,"column":67}},"5":{"start":{"line":15,"column":2},"end":{"line":17,"column":9}},"6":{"start":{"line":16,"column":4},"end":{"line":16,"column":16}},"7":{"start":{"line":19,"column":18},"end":{"line":31,"column":3}},"8":{"start":{"line":20,"column":17},"end":{"line":22,"column":5}},"9":{"start":{"line":23,"column":17},"end":{"line":23,"column":34}},"10":{"start":{"line":25,"column":4},"end":{"line":27,"column":6}},"11":{"start":{"line":28,"column":4},"end":{"line":30,"column":6}},"12":{"start":{"line":33,"column":17},"end":{"line":33,"column":34}},"13":{"start":{"line":34,"column":2},"end":{"line":36,"column":3}},"14":{"start":{"line":35,"column":4},"end":{"line":35,"column":76}},"15":{"start":{"line":37,"column":40},"end":{"line":37,"column":63}},"16":{"start":{"line":39,"column":2},"end":{"line":105,"column":4}},"17":{"start":{"line":51,"column":14},"end":{"line":51,"column":44}},"18":{"start":{"line":58,"column":39},"end":{"line":60,"column":15}},"19":{"start":{"line":59,"column":16},"end":{"line":59,"column":78}},"20":{"start":{"line":61,"column":14},"end":{"line":61,"column":60}},"21":{"start":{"line":70,"column":31},"end":{"line":72,"column":13}},"22":{"start":{"line":71,"column":21},"end":{"line":71,"column":43}},"23":{"start":{"line":74,"column":12},"end":{"line":74,"column":52}},"24":{"start":{"line":84,"column":12},"end":{"line":84,"column":40}},"25":{"start":{"line":92,"column":10},"end":{"line":101,"column":17}}},"fnMap":{"0":{"name":"(anonymous_0)","decl":{"start":{"line":8,"column":13},"end":{"line":8,"column":14}},"loc":{"start":{"line":8,"column":19},"end":{"line":106,"column":1}},"line":8},"1":{"name":"(anonymous_1)","decl":{"start":{"line":15,"column":12},"end":{"line":15,"column":13}},"loc":{"start":{"line":15,"column":18},"end":{"line":17,"column":3}},"line":15},"2":{"name":"(anonymous_2)","decl":{"start":{"line":19,"column":18},"end":{"line":19,"column":19}},"loc":{"start":{"line":19,"column":30},"end":{"line":31,"column":3}},"line":19},"3":{"name":"(anonymous_3)","decl":{"start":{"line":50,"column":22},"end":{"line":50,"column":23}},"loc":{"start":{"line":50,"column":27},"end":{"line":52,"column":13}},"line":50},"4":{"name":"(anonymous_4)","decl":{"start":{"line":57,"column":21},"end":{"line":57,"column":22}},"loc":{"start":{"line":57,"column":27},"end":{"line":62,"column":13}},"line":57},"5":{"name":"(anonymous_5)","decl":{"start":{"line":58,"column":61},"end":{"line":58,"column":62}},"loc":{"start":{"line":59,"column":16},"end":{"line":59,"column":78}},"line":59},"6":{"name":"(anonymous_6)","decl":{"start":{"line":69,"column":19},"end":{"line":69,"column":20}},"loc":{"start":{"line":69,"column":25},"end":{"line":75,"column":11}},"line":69},"7":{"name":"(anonymous_7)","decl":{"start":{"line":71,"column":14},"end":{"line":71,"column":15}},"loc":{"start":{"line":71,"column":21},"end":{"line":71,"column":43}},"line":71},"8":{"name":"(anonymous_8)","decl":{"start":{"line":83,"column":20},"end":{"line":83,"column":21}},"loc":{"start":{"line":83,"column":25},"end":{"line":85,"column":11}},"line":83},"9":{"name":"(anonymous_9)","decl":{"start":{"line":90,"column":36},"end":{"line":90,"column":37}},"loc":{"start":{"line":92,"column":10},"end":{"line":101,"column":17}},"line":92}},"branchMap":{"0":{"loc":{"start":{"line":34,"column":2},"end":{"line":36,"column":3}},"type":"if","locations":[{"start":{"line":34,"column":2},"end":{"line":36,"column":3}},{"start":{},"end":{}}],"line":34},"1":{"loc":{"start":{"line":39,"column":9},"end":{"line":105,"column":3}},"type":"cond-expr","locations":[{"start":{"line":40,"column":4},"end":{"line":40,"column":15}},{"start":{"line":42,"column":4},"end":{"line":104,"column":10}}],"line":39},"2":{"loc":{"start":{"line":96,"column":13},"end":{"line":100,"column":13}},"type":"cond-expr","locations":[{"start":{"line":97,"column":14},"end":{"line":97,"column":62}},{"start":{"line":99,"column":14},"end":{"line":99,"column":53}}],"line":96}},"s":{"0":1,"1":7,"2":7,"3":7,"4":7,"5":7,"6":2,"7":7,"8":2,"9":2,"10":2,"11":2,"12":7,"13":7,"14":0,"15":7,"16":7,"17":1,"18":1,"19":20,"20":1,"21":1,"22":20,"23":1,"24":0,"25":81},"f":{"0":7,"1":2,"2":2,"3":1,"4":1,"5":20,"6":1,"7":20,"8":0,"9":81},"b":{"0":[0,7],"1":[2,5],"2":[20,61]},"_coverageSchema":"1a1c01bbd47fc00a2c39e90264f33305004495a9","hash":"87183e184ec7f4ca62a9fde2044aa7b91cb65489"}
,"D:\\My Stuff\\My Files\\Project React 2\\src\\components\\Cart.js": {"path":"D:\\My Stuff\\My Files\\Project React 2\\src\\components\\Cart.js","statementMap":{"0":{"start":{"line":5,"column":13},"end":{"line":27,"column":1}},"1":{"start":{"line":6,"column":20},"end":{"line":6,"column":58}},"2":{"start":{"line":6,"column":41},"end":{"line":6,"column":57}},"3":{"start":{"line":7,"column":2},"end":{"line":7,"column":25}},"4":{"start":{"line":8,"column":19},"end":{"line":8,"column":32}},"5":{"start":{"line":9,"column":22},"end":{"line":11,"column":3}},"6":{"start":{"line":10,"column":4},"end":{"line":10,"column":26}},"7":{"start":{"line":12,"column":2},"end":{"line":26,"column":4}}},"fnMap":{"0":{"name":"(anonymous_0)","decl":{"start":{"line":5,"column":13},"end":{"line":5,"column":14}},"loc":{"start":{"line":5,"column":19},"end":{"line":27,"column":1}},"line":5},"1":{"name":"(anonymous_1)","decl":{"start":{"line":6,"column":32},"end":{"line":6,"column":33}},"loc":{"start":{"line":6,"column":41},"end":{"line":6,"column":57}},"line":6},"2":{"name":"(anonymous_2)","decl":{"start":{"line":9,"column":22},"end":{"line":9,"column":23}},"loc":{"start":{"line":9,"column":28},"end":{"line":11,"column":3}},"line":9}},"branchMap":{"0":{"loc":{"start":{"line":21,"column":7},"end":{"line":21,"column":78}},"type":"binary-expr","locations":[{"start":{"line":21,"column":7},"end":{"line":21,"column":29}},{"start":{"line":21,"column":33},"end":{"line":21,"column":78}}],"line":21}},"s":{"0":1,"1":5,"2":8,"3":4,"4":4,"5":4,"6":1,"7":4},"f":{"0":5,"1":8,"2":1},"b":{"0":[4,2]},"_coverageSchema":"1a1c01bbd47fc00a2c39e90264f33305004495a9","hash":"c4d49bab8ff644bc97865d2e9b5080ba2492d148"}
,"D:\\My Stuff\\My Files\\Project React 2\\src\\components\\Contact.js": {"path":"D:\\My Stuff\\My Files\\Project React 2\\src\\components\\Contact.js","statementMap":{"0":{"start":{"line":1,"column":16},"end":{"line":25,"column":1}},"1":{"start":{"line":2,"column":2},"end":{"line":24,"column":4}}},"fnMap":{"0":{"name":"(anonymous_0)","decl":{"start":{"line":1,"column":16},"end":{"line":1,"column":17}},"loc":{"start":{"line":1,"column":22},"end":{"line":25,"column":1}},"line":1}},"branchMap":{},"s":{"0":1,"1":4},"f":{"0":4},"b":{},"_coverageSchema":"1a1c01bbd47fc00a2c39e90264f33305004495a9","hash":"971316792da060faa1c37b8ede60c4a9b2dbe646"}
,"D:\\My Stuff\\My Files\\Project React 2\\src\\components\\Header.js": {"path":"D:\\My Stuff\\My Files\\Project React 2\\src\\components\\Header.js","statementMap":{"0":{"start":{"line":8,"column":15},"end":{"line":61,"column":1}},"1":{"start":{"line":9,"column":32},"end":{"line":9,"column":49}},"2":{"start":{"line":11,"column":27},"end":{"line":11,"column":50}},"3":{"start":{"line":15,"column":2},"end":{"line":17,"column":16}},"4":{"start":{"line":18,"column":18},"end":{"line":18,"column":35}},"5":{"start":{"line":20,"column":20},"end":{"line":20,"column":58}},"6":{"start":{"line":20,"column":41},"end":{"line":20,"column":57}},"7":{"start":{"line":22,"column":2},"end":{"line":60,"column":4}},"8":{"start":{"line":49,"column":14},"end":{"line":49,"column":79}}},"fnMap":{"0":{"name":"(anonymous_0)","decl":{"start":{"line":8,"column":15},"end":{"line":8,"column":16}},"loc":{"start":{"line":8,"column":21},"end":{"line":61,"column":1}},"line":8},"1":{"name":"(anonymous_1)","decl":{"start":{"line":15,"column":12},"end":{"line":15,"column":13}},"loc":{"start":{"line":15,"column":18},"end":{"line":17,"column":3}},"line":15},"2":{"name":"(anonymous_2)","decl":{"start":{"line":20,"column":32},"end":{"line":20,"column":33}},"loc":{"start":{"line":20,"column":41},"end":{"line":20,"column":57}},"line":20},"3":{"name":"(anonymous_3)","decl":{"start":{"line":48,"column":21},"end":{"line":48,"column":22}},"loc":{"start":{"line":48,"column":27},"end":{"line":50,"column":13}},"line":48}},"branchMap":{"0":{"loc":{"start":{"line":32,"column":29},"end":{"line":32,"column":49}},"type":"cond-expr","locations":[{"start":{"line":32,"column":39},"end":{"line":32,"column":42}},{"start":{"line":32,"column":45},"end":{"line":32,"column":49}}],"line":32},"1":{"loc":{"start":{"line":49,"column":14},"end":{"line":49,"column":78}},"type":"cond-expr","locations":[{"start":{"line":49,"column":36},"end":{"line":49,"column":56}},{"start":{"line":49,"column":59},"end":{"line":49,"column":78}}],"line":49}},"s":{"0":2,"1":8,"2":8,"3":8,"4":8,"5":8,"6":15,"7":8,"8":1},"f":{"0":8,"1":5,"2":15,"3":1},"b":{"0":[8,0],"1":[1,0]},"_coverageSchema":"1a1c01bbd47fc00a2c39e90264f33305004495a9","hash":"b82fb409d14d38be23687e49d2efcf12e40188a2"}
,"D:\\My Stuff\\My Files\\Project React 2\\src\\components\\ItemList.js": {"path":"D:\\My Stuff\\My Files\\Project React 2\\src\\components\\ItemList.js","statementMap":{"0":{"start":{"line":5,"column":17},"end":{"line":50,"column":1}},"1":{"start":{"line":8,"column":19},"end":{"line":8,"column":32}},"2":{"start":{"line":9,"column":24},"end":{"line":11,"column":3}},"3":{"start":{"line":10,"column":4},"end":{"line":10,"column":29}},"4":{"start":{"line":12,"column":2},"end":{"line":49,"column":4}},"5":{"start":{"line":15,"column":8},"end":{"line":46,"column":14}},"6":{"start":{"line":35,"column":31},"end":{"line":35,"column":50}}},"fnMap":{"0":{"name":"(anonymous_0)","decl":{"start":{"line":5,"column":17},"end":{"line":5,"column":18}},"loc":{"start":{"line":5,"column":32},"end":{"line":50,"column":1}},"line":5},"1":{"name":"(anonymous_1)","decl":{"start":{"line":9,"column":24},"end":{"line":9,"column":25}},"loc":{"start":{"line":9,"column":32},"end":{"line":11,"column":3}},"line":9},"2":{"name":"(anonymous_2)","decl":{"start":{"line":14,"column":17},"end":{"line":14,"column":18}},"loc":{"start":{"line":15,"column":8},"end":{"line":46,"column":14}},"line":15},"3":{"name":"(anonymous_3)","decl":{"start":{"line":35,"column":25},"end":{"line":35,"column":26}},"loc":{"start":{"line":35,"column":31},"end":{"line":35,"column":50}},"line":35}},"branchMap":{},"s":{"0":1,"1":5,"2":5,"3":2,"4":5,"5":24,"6":2},"f":{"0":5,"1":2,"2":24,"3":2},"b":{},"_coverageSchema":"1a1c01bbd47fc00a2c39e90264f33305004495a9","hash":"7fb5bdf884b736d036e82bfe227612204c435b13"}
,"D:\\My Stuff\\My Files\\Project React 2\\src\\components\\RestaurantCard.js": {"path":"D:\\My Stuff\\My Files\\Project React 2\\src\\components\\RestaurantCard.js","statementMap":{"0":{"start":{"line":5,"column":23},"end":{"line":35,"column":1}},"1":{"start":{"line":6,"column":22},"end":{"line":6,"column":27}},"2":{"start":{"line":17,"column":6},"end":{"line":17,"column":18}},"3":{"start":{"line":18,"column":27},"end":{"line":18,"column":50}},"4":{"start":{"line":20,"column":2},"end":{"line":34,"column":4}},"5":{"start":{"line":37,"column":33},"end":{"line":49,"column":1}},"6":{"start":{"line":38,"column":2},"end":{"line":48,"column":4}},"7":{"start":{"line":40,"column":4},"end":{"line":47,"column":6}}},"fnMap":{"0":{"name":"(anonymous_0)","decl":{"start":{"line":5,"column":23},"end":{"line":5,"column":24}},"loc":{"start":{"line":5,"column":32},"end":{"line":35,"column":1}},"line":5},"1":{"name":"(anonymous_1)","decl":{"start":{"line":37,"column":33},"end":{"line":37,"column":34}},"loc":{"start":{"line":37,"column":51},"end":{"line":49,"column":1}},"line":37},"2":{"name":"(anonymous_2)","decl":{"start":{"line":38,"column":9},"end":{"line":38,"column":10}},"loc":{"start":{"line":38,"column":18},"end":{"line":48,"column":3}},"line":38}},"branchMap":{},"s":{"0":2,"1":83,"2":83,"3":83,"4":83,"5":2,"6":8,"7":21},"f":{"0":83,"1":8,"2":21},"b":{},"_coverageSchema":"1a1c01bbd47fc00a2c39e90264f33305004495a9","hash":"33146cd3cd86b77c98fd50d82d8d94f857944632"}
,"D:\\My Stuff\\My Files\\Project React 2\\src\\components\\RestaurantCategory.js": {"path":"D:\\My Stuff\\My Files\\Project React 2\\src\\components\\RestaurantCategory.js","statementMap":{"0":{"start":{"line":4,"column":27},"end":{"line":24,"column":1}},"1":{"start":{"line":5,"column":22},"end":{"line":7,"column":3}},"2":{"start":{"line":6,"column":4},"end":{"line":6,"column":19}},"3":{"start":{"line":8,"column":2},"end":{"line":23,"column":4}}},"fnMap":{"0":{"name":"(anonymous_0)","decl":{"start":{"line":4,"column":27},"end":{"line":4,"column":28}},"loc":{"start":{"line":4,"column":66},"end":{"line":24,"column":1}},"line":4},"1":{"name":"(anonymous_1)","decl":{"start":{"line":5,"column":22},"end":{"line":5,"column":23}},"loc":{"start":{"line":5,"column":28},"end":{"line":7,"column":3}},"line":5}},"branchMap":{"0":{"loc":{"start":{"line":20,"column":9},"end":{"line":20,"column":57}},"type":"binary-expr","locations":[{"start":{"line":20,"column":9},"end":{"line":20,"column":18}},{"start":{"line":20,"column":22},"end":{"line":20,"column":57}}],"line":20}},"s":{"0":1,"1":28,"2":1,"3":28},"f":{"0":28,"1":1},"b":{"0":[28,1]},"_coverageSchema":"1a1c01bbd47fc00a2c39e90264f33305004495a9","hash":"683dea7d2d27b1613be59606b34a19f4c4256ccb"}
,"D:\\My Stuff\\My Files\\Project React 2\\src\\components\\RestaurantsMenu.js": {"path":"D:\\My Stuff\\My Files\\Project React 2\\src\\components\\RestaurantsMenu.js","statementMap":{"0":{"start":{"line":7,"column":23},"end":{"line":51,"column":1}},"1":{"start":{"line":8,"column":20},"end":{"line":8,"column":31}},"2":{"start":{"line":9,"column":16},"end":{"line":9,"column":40}},"3":{"start":{"line":10,"column":36},"end":{"line":10,"column":50}},"4":{"start":{"line":12,"column":2},"end":{"line":12,"column":43}},"5":{"start":{"line":12,"column":24},"end":{"line":12,"column":43}},"6":{"start":{"line":16,"column":4},"end":{"line":16,"column":39}},"7":{"start":{"line":19,"column":4},"end":{"line":19,"column":72}},"8":{"start":{"line":24,"column":4},"end":{"line":28,"column":5}},"9":{"start":{"line":26,"column":8},"end":{"line":27,"column":70}},"10":{"start":{"line":30,"column":29},"end":{"line":32,"column":3}},"11":{"start":{"line":31,"column":4},"end":{"line":31,"column":68}},"12":{"start":{"line":31,"column":31},"end":{"line":31,"column":65}},"13":{"start":{"line":33,"column":2},"end":{"line":50,"column":4}},"14":{"start":{"line":41,"column":8},"end":{"line":46,"column":10}},"15":{"start":{"line":45,"column":30},"end":{"line":45,"column":55}}},"fnMap":{"0":{"name":"(anonymous_0)","decl":{"start":{"line":7,"column":23},"end":{"line":7,"column":24}},"loc":{"start":{"line":7,"column":29},"end":{"line":51,"column":1}},"line":7},"1":{"name":"(anonymous_1)","decl":{"start":{"line":25,"column":6},"end":{"line":25,"column":7}},"loc":{"start":{"line":26,"column":8},"end":{"line":27,"column":70}},"line":26},"2":{"name":"(anonymous_2)","decl":{"start":{"line":30,"column":29},"end":{"line":30,"column":30}},"loc":{"start":{"line":30,"column":38},"end":{"line":32,"column":3}},"line":30},"3":{"name":"(anonymous_3)","decl":{"start":{"line":31,"column":17},"end":{"line":31,"column":18}},"loc":{"start":{"line":31,"column":31},"end":{"line":31,"column":65}},"line":31},"4":{"name":"(anonymous_4)","decl":{"start":{"line":40,"column":22},"end":{"line":40,"column":23}},"loc":{"start":{"line":41,"column":8},"end":{"line":46,"column":10}},"line":41},"5":{"name":"(anonymous_5)","decl":{"start":{"line":45,"column":24},"end":{"line":45,"column":25}},"loc":{"start":{"line":45,"column":30},"end":{"line":45,"column":55}},"line":45}},"branchMap":{"0":{"loc":{"start":{"line":12,"column":2},"end":{"line":12,"column":43}},"type":"if","locations":[{"start":{"line":12,"column":2},"end":{"line":12,"column":43}},{"start":{},"end":{}}],"line":12},"1":{"loc":{"start":{"line":31,"column":31},"end":{"line":31,"column":65}},"type":"cond-expr","locations":[{"start":{"line":31,"column":53},"end":{"line":31,"column":57}},{"start":{"line":31,"column":60},"end":{"line":31,"column":65}}],"line":31},"2":{"loc":{"start":{"line":44,"column":21},"end":{"line":44,"column":55}},"type":"cond-expr","locations":[{"start":{"line":44,"column":43},"end":{"line":44,"column":47}},{"start":{"line":44,"column":50},"end":{"line":44,"column":55}}],"line":44}},"s":{"0":1,"1":4,"2":4,"3":4,"4":4,"5":1,"6":3,"7":3,"8":3,"9":54,"10":3,"11":1,"12":1,"13":3,"14":42,"15":1},"f":{"0":4,"1":54,"2":1,"3":1,"4":42,"5":1},"b":{"0":[1,3],"1":[0,1],"2":[1,41]},"_coverageSchema":"1a1c01bbd47fc00a2c39e90264f33305004495a9","hash":"c726c1bbb9657dcfbf33cc497a3dc3e34c1d093e"}
,"D:\\My Stuff\\My Files\\Project React 2\\src\\components\\Shimmer.js": {"path":"D:\\My Stuff\\My Files\\Project React 2\\src\\components\\Shimmer.js","statementMap":{"0":{"start":{"line":1,"column":16},"end":{"line":18,"column":1}},"1":{"start":{"line":2,"column":2},"end":{"line":17,"column":4}}},"fnMap":{"0":{"name":"(anonymous_0)","decl":{"start":{"line":1,"column":16},"end":{"line":1,"column":17}},"loc":{"start":{"line":1,"column":22},"end":{"line":18,"column":1}},"line":1}},"branchMap":{},"s":{"0":2,"1":3},"f":{"0":3},"b":{},"_coverageSchema":"1a1c01bbd47fc00a2c39e90264f33305004495a9","hash":"ef5d405e7d44497bc0e4479cc797b7e1488f88d2"}
,"D:\\My Stuff\\My Files\\Project React 2\\src\\components\\User.js": {"path":"D:\\My Stuff\\My Files\\Project React 2\\src\\components\\User.js","statementMap":{"0":{"start":{"line":3,"column":13},"end":{"line":16,"column":1}},"1":{"start":{"line":4,"column":28},"end":{"line":4,"column":39}},"2":{"start":{"line":5,"column":30},"end":{"line":5,"column":41}},"3":{"start":{"line":6,"column":2},"end":{"line":6,"column":21}},"4":{"start":{"line":7,"column":2},"end":{"line":15,"column":4}}},"fnMap":{"0":{"name":"(anonymous_0)","decl":{"start":{"line":3,"column":13},"end":{"line":3,"column":14}},"loc":{"start":{"line":3,"column":22},"end":{"line":16,"column":1}},"line":3}},"branchMap":{},"s":{"0":1,"1":0,"2":0,"3":0,"4":0},"f":{"0":0},"b":{},"_coverageSchema":"1a1c01bbd47fc00a2c39e90264f33305004495a9","hash":"6c41692250f37884317e1901c049fcefaf73ce8a"}
,"D:\\My Stuff\\My Files\\Project React 2\\src\\components\\sum.js": {"path":"D:\\My Stuff\\My Files\\Project React 2\\src\\components\\sum.js","statementMap":{"0":{"start":{"line":1,"column":19},"end":{"line":3,"column":1}},"1":{"start":{"line":2,"column":2},"end":{"line":2,"column":15}}},"fnMap":{"0":{"name":"(anonymous_0)","decl":{"start":{"line":1,"column":19},"end":{"line":1,"column":20}},"loc":{"start":{"line":1,"column":29},"end":{"line":3,"column":1}},"line":1}},"branchMap":{},"s":{"0":1,"1":1},"f":{"0":1},"b":{},"_coverageSchema":"1a1c01bbd47fc00a2c39e90264f33305004495a9","hash":"9fac7651047f95ff0fe468fd180fc8cabc75daf9"}
,"D:\\My Stuff\\My Files\\Project React 2\\src\\utils\\UserContext.js": {"path":"D:\\My Stuff\\My Files\\Project React 2\\src\\utils\\UserContext.js","statementMap":{"0":{"start":{"line":3,"column":20},"end":{"line":5,"column":2}}},"fnMap":{},"branchMap":{},"s":{"0":4},"f":{},"b":{},"_coverageSchema":"1a1c01bbd47fc00a2c39e90264f33305004495a9","hash":"a92c5cccee8c1e1f3b4a6c96f513eb9ccae15866"}
,"D:\\My Stuff\\My Files\\Project React 2\\src\\utils\\appStore.js": {"path":"D:\\My Stuff\\My Files\\Project React 2\\src\\utils\\appStore.js","statementMap":{"0":{"start":{"line":4,"column":17},"end":{"line":8,"column":2}}},"fnMap":{},"branchMap":{},"s":{"0":2},"f":{},"b":{},"_coverageSchema":"1a1c01bbd47fc00a2c39e90264f33305004495a9","hash":"5f43cce37835c2340aa776aa65c298171ce69540"}
,"D:\\My Stuff\\My Files\\Project React 2\\src\\utils\\cartSlice.js": {"path":"D:\\My Stuff\\My Files\\Project React 2\\src\\utils\\cartSlice.js","statementMap":{"0":{"start":{"line":3,"column":18},"end":{"line":19,"column":2}},"1":{"start":{"line":10,"column":6},"end":{"line":10,"column":39}},"2":{"start":{"line":13,"column":6},"end":{"line":13,"column":24}},"3":{"start":{"line":16,"column":6},"end":{"line":16,"column":29}},"4":{"start":{"line":21,"column":52},"end":{"line":21,"column":69}}},"fnMap":{"0":{"name":"(anonymous_0)","decl":{"start":{"line":9,"column":14},"end":{"line":9,"column":15}},"loc":{"start":{"line":9,"column":33},"end":{"line":11,"column":5}},"line":9},"1":{"name":"(anonymous_1)","decl":{"start":{"line":12,"column":17},"end":{"line":12,"column":18}},"loc":{"start":{"line":12,"column":26},"end":{"line":14,"column":5}},"line":12},"2":{"name":"(anonymous_2)","decl":{"start":{"line":15,"column":15},"end":{"line":15,"column":16}},"loc":{"start":{"line":15,"column":24},"end":{"line":17,"column":5}},"line":15}},"branchMap":{},"s":{"0":2,"1":2,"2":0,"3":1,"4":2},"f":{"0":2,"1":0,"2":1},"b":{},"_coverageSchema":"1a1c01bbd47fc00a2c39e90264f33305004495a9","hash":"f8c7190030239c74f52da2dde1892443378d7bef"}
,"D:\\My Stuff\\My Files\\Project React 2\\src\\utils\\constants.js": {"path":"D:\\My Stuff\\My Files\\Project React 2\\src\\utils\\constants.js","statementMap":{"0":{"start":{"line":2,"column":2},"end":{"line":2,"column":85}},"1":{"start":{"line":5,"column":2},"end":{"line":5,"column":84}},"2":{"start":{"line":8,"column":2},"end":{"line":8,"column":125}}},"fnMap":{},"branchMap":{},"s":{"0":4,"1":4,"2":4},"f":{},"b":{},"_coverageSchema":"1a1c01bbd47fc00a2c39e90264f33305004495a9","hash":"6b3273c909cd08e8c9a63d86ec2de3d6489ed4d4"}
,"D:\\My Stuff\\My Files\\Project React 2\\src\\utils\\useOnlineStatus.js": {"path":"D:\\My Stuff\\My Files\\Project React 2\\src\\utils\\useOnlineStatus.js","statementMap":{"0":{"start":{"line":3,"column":24},"end":{"line":13,"column":1}},"1":{"start":{"line":4,"column":42},"end":{"line":4,"column":56}},"2":{"start":{"line":6,"column":2},"end":{"line":10,"column":5}},"3":{"start":{"line":7,"column":4},"end":{"line":9,"column":7}},"4":{"start":{"line":8,"column":6},"end":{"line":8,"column":29}},"5":{"start":{"line":12,"column":2},"end":{"line":12,"column":22}}},"fnMap":{"0":{"name":"(anonymous_0)","decl":{"start":{"line":3,"column":24},"end":{"line":3,"column":25}},"loc":{"start":{"line":3,"column":30},"end":{"line":13,"column":1}},"line":3},"1":{"name":"(anonymous_1)","decl":{"start":{"line":6,"column":12},"end":{"line":6,"column":13}},"loc":{"start":{"line":6,"column":18},"end":{"line":10,"column":3}},"line":6},"2":{"name":"(anonymous_2)","decl":{"start":{"line":7,"column":39},"end":{"line":7,"column":40}},"loc":{"start":{"line":7,"column":45},"end":{"line":9,"column":5}},"line":7}},"branchMap":{},"s":{"0":3,"1":15,"2":15,"3":15,"4":0,"5":15},"f":{"0":15,"1":15,"2":0},"b":{},"_coverageSchema":"1a1c01bbd47fc00a2c39e90264f33305004495a9","hash":"d3b16d39327276d28c69ddb287bbeabdae76f9b9"}
,"D:\\My Stuff\\My Files\\Project React 2\\src\\utils\\useRestaurantMenu.js": {"path":"D:\\My Stuff\\My Files\\Project React 2\\src\\utils\\useRestaurantMenu.js","statementMap":{"0":{"start":{"line":4,"column":26},"end":{"line":15,"column":1}},"1":{"start":{"line":5,"column":32},"end":{"line":5,"column":46}},"2":{"start":{"line":6,"column":2},"end":{"line":8,"column":5}},"3":{"start":{"line":7,"column":4},"end":{"line":7,"column":16}},"4":{"start":{"line":9,"column":20},"end":{"line":13,"column":3}},"5":{"start":{"line":10,"column":17},"end":{"line":10,"column":46}},"6":{"start":{"line":11,"column":17},"end":{"line":11,"column":34}},"7":{"start":{"line":12,"column":4},"end":{"line":12,"column":26}},"8":{"start":{"line":14,"column":2},"end":{"line":14,"column":17}}},"fnMap":{"0":{"name":"(anonymous_0)","decl":{"start":{"line":4,"column":26},"end":{"line":4,"column":27}},"loc":{"start":{"line":4,"column":35},"end":{"line":15,"column":1}},"line":4},"1":{"name":"(anonymous_1)","decl":{"start":{"line":6,"column":12},"end":{"line":6,"column":13}},"loc":{"start":{"line":6,"column":18},"end":{"line":8,"column":3}},"line":6},"2":{"name":"(anonymous_2)","decl":{"start":{"line":9,"column":20},"end":{"line":9,"column":21}},"loc":{"start":{"line":9,"column":32},"end":{"line":13,"column":3}},"line":9}},"branchMap":{},"s":{"0":1,"1":4,"2":4,"3":3,"4":4,"5":3,"6":3,"7":3,"8":4},"f":{"0":4,"1":3,"2":3},"b":{},"_coverageSchema":"1a1c01bbd47fc00a2c39e90264f33305004495a9","hash":"36e59725ddb2c42ae31e6da0b1768670423020c5"}
}
