TN:
SF:src\components\Body.js
FN:8,(anonymous_0)
FN:15,(anonymous_1)
FN:19,(anonymous_2)
FN:50,(anonymous_3)
FN:57,(anonymous_4)
FN:58,(anonymous_5)
FN:69,(anonymous_6)
FN:71,(anonymous_7)
FN:83,(anonymous_8)
FN:90,(anonymous_9)
FNF:10
FNH:9
FNDA:7,(anonymous_0)
FNDA:2,(anonymous_1)
FNDA:2,(anonymous_2)
FNDA:1,(anonymous_3)
FNDA:1,(anonymous_4)
FNDA:20,(anonymous_5)
FNDA:1,(anonymous_6)
FNDA:20,(anonymous_7)
FNDA:0,(anonymous_8)
FNDA:81,(anonymous_9)
DA:8,1
DA:9,7
DA:10,7
DA:11,7
DA:14,7
DA:15,7
DA:16,2
DA:19,7
DA:20,2
DA:23,2
DA:25,2
DA:28,2
DA:33,7
DA:34,7
DA:35,0
DA:37,7
DA:39,7
DA:51,1
DA:58,1
DA:59,20
DA:61,1
DA:70,1
DA:71,20
DA:74,1
DA:84,0
DA:92,81
LF:26
LH:24
BRDA:34,0,0,0
BRDA:34,0,1,7
BRDA:39,1,0,2
BRDA:39,1,1,5
BRDA:96,2,0,20
BRDA:96,2,1,61
BRF:6
BRH:5
end_of_record
TN:
SF:src\components\Cart.js
FN:5,(anonymous_0)
FN:6,(anonymous_1)
FN:9,(anonymous_2)
FNF:3
FNH:3
FNDA:5,(anonymous_0)
FNDA:8,(anonymous_1)
FNDA:1,(anonymous_2)
DA:5,1
DA:6,8
DA:7,4
DA:8,4
DA:9,4
DA:10,1
DA:12,4
LF:7
LH:7
BRDA:21,0,0,4
BRDA:21,0,1,2
BRF:2
BRH:2
end_of_record
TN:
SF:src\components\Contact.js
FN:1,(anonymous_0)
FNF:1
FNH:1
FNDA:4,(anonymous_0)
DA:1,1
DA:2,4
LF:2
LH:2
BRF:0
BRH:0
end_of_record
TN:
SF:src\components\Header.js
FN:8,(anonymous_0)
FN:15,(anonymous_1)
FN:20,(anonymous_2)
FN:48,(anonymous_3)
FNF:4
FNH:4
FNDA:8,(anonymous_0)
FNDA:5,(anonymous_1)
FNDA:15,(anonymous_2)
FNDA:1,(anonymous_3)
DA:8,2
DA:9,8
DA:11,8
DA:15,8
DA:18,8
DA:20,15
DA:22,8
DA:49,1
LF:8
LH:8
BRDA:32,0,0,8
BRDA:32,0,1,0
BRDA:49,1,0,1
BRDA:49,1,1,0
BRF:4
BRH:2
end_of_record
TN:
SF:src\components\ItemList.js
FN:5,(anonymous_0)
FN:9,(anonymous_1)
FN:14,(anonymous_2)
FN:35,(anonymous_3)
FNF:4
FNH:4
FNDA:5,(anonymous_0)
FNDA:2,(anonymous_1)
FNDA:24,(anonymous_2)
FNDA:2,(anonymous_3)
DA:5,1
DA:8,5
DA:9,5
DA:10,2
DA:12,5
DA:15,24
DA:35,2
LF:7
LH:7
BRF:0
BRH:0
end_of_record
TN:
SF:src\components\RestaurantCard.js
FN:5,(anonymous_0)
FN:37,(anonymous_1)
FN:38,(anonymous_2)
FNF:3
FNH:3
FNDA:83,(anonymous_0)
FNDA:8,(anonymous_1)
FNDA:21,(anonymous_2)
DA:5,2
DA:6,83
DA:17,83
DA:18,83
DA:20,83
DA:37,2
DA:38,8
DA:40,21
LF:8
LH:8
BRF:0
BRH:0
end_of_record
TN:
SF:src\components\RestaurantCategory.js
FN:4,(anonymous_0)
FN:5,(anonymous_1)
FNF:2
FNH:2
FNDA:28,(anonymous_0)
FNDA:1,(anonymous_1)
DA:4,1
DA:5,28
DA:6,1
DA:8,28
LF:4
LH:4
BRDA:20,0,0,28
BRDA:20,0,1,1
BRF:2
BRH:2
end_of_record
TN:
SF:src\components\RestaurantsMenu.js
FN:7,(anonymous_0)
FN:25,(anonymous_1)
FN:30,(anonymous_2)
FN:31,(anonymous_3)
FN:40,(anonymous_4)
FN:45,(anonymous_5)
FNF:6
FNH:6
FNDA:4,(anonymous_0)
FNDA:54,(anonymous_1)
FNDA:1,(anonymous_2)
FNDA:1,(anonymous_3)
FNDA:42,(anonymous_4)
FNDA:1,(anonymous_5)
DA:7,1
DA:8,4
DA:9,4
DA:10,4
DA:12,4
DA:16,3
DA:19,3
DA:24,3
DA:26,54
DA:30,3
DA:31,1
DA:33,3
DA:41,42
DA:45,1
LF:14
LH:14
BRDA:12,0,0,1
BRDA:12,0,1,3
BRDA:31,1,0,0
BRDA:31,1,1,1
BRDA:44,2,0,1
BRDA:44,2,1,41
BRF:6
BRH:5
end_of_record
TN:
SF:src\components\Shimmer.js
FN:1,(anonymous_0)
FNF:1
FNH:1
FNDA:3,(anonymous_0)
DA:1,2
DA:2,3
LF:2
LH:2
BRF:0
BRH:0
end_of_record
TN:
SF:src\components\User.js
FN:3,(anonymous_0)
FNF:1
FNH:0
FNDA:0,(anonymous_0)
DA:3,1
DA:4,0
DA:5,0
DA:6,0
DA:7,0
LF:5
LH:1
BRF:0
BRH:0
end_of_record
TN:
SF:src\components\sum.js
FN:1,(anonymous_0)
FNF:1
FNH:1
FNDA:1,(anonymous_0)
DA:1,1
DA:2,1
LF:2
LH:2
BRF:0
BRH:0
end_of_record
TN:
SF:src\utils\UserContext.js
FNF:0
FNH:0
DA:3,4
LF:1
LH:1
BRF:0
BRH:0
end_of_record
TN:
SF:src\utils\appStore.js
FNF:0
FNH:0
DA:4,2
LF:1
LH:1
BRF:0
BRH:0
end_of_record
TN:
SF:src\utils\cartSlice.js
FN:9,(anonymous_0)
FN:12,(anonymous_1)
FN:15,(anonymous_2)
FNF:3
FNH:2
FNDA:2,(anonymous_0)
FNDA:0,(anonymous_1)
FNDA:1,(anonymous_2)
DA:3,2
DA:10,2
DA:13,0
DA:16,1
DA:21,2
LF:5
LH:4
BRF:0
BRH:0
end_of_record
TN:
SF:src\utils\constants.js
FNF:0
FNH:0
DA:2,4
DA:5,4
DA:8,4
LF:3
LH:3
BRF:0
BRH:0
end_of_record
TN:
SF:src\utils\useOnlineStatus.js
FN:3,(anonymous_0)
FN:6,(anonymous_1)
FN:7,(anonymous_2)
FNF:3
FNH:2
FNDA:15,(anonymous_0)
FNDA:15,(anonymous_1)
FNDA:0,(anonymous_2)
DA:3,3
DA:4,15
DA:6,15
DA:7,15
DA:8,0
DA:12,15
LF:6
LH:5
BRF:0
BRH:0
end_of_record
TN:
SF:src\utils\useRestaurantMenu.js
FN:4,(anonymous_0)
FN:6,(anonymous_1)
FN:9,(anonymous_2)
FNF:3
FNH:3
FNDA:4,(anonymous_0)
FNDA:3,(anonymous_1)
FNDA:3,(anonymous_2)
DA:4,1
DA:5,4
DA:6,4
DA:7,3
DA:9,4
DA:10,3
DA:11,3
DA:12,3
DA:14,4
LF:9
LH:9
BRF:0
BRH:0
end_of_record
